This file contains any messages produced by compilers while
running configure, to aid debugging if configure makes a mistake.

It was created by parallel-2D-LJMD configure 0.01, which was
generated by GNU Autoconf 2.69.  Invocation command line was

  $ ./configure 

## --------- ##
## Platform. ##
## --------- ##

hostname = forrest-lenovo
uname -m = x86_64
uname -r = 4.15.3-2-ARCH
uname -s = Linux
uname -v = #1 SMP PREEMPT Thu Feb 15 00:13:49 UTC 2018

/usr/bin/uname -p = unknown
/bin/uname -X     = unknown

/bin/arch              = unknown
/usr/bin/arch -k       = unknown
/usr/convex/getsysinfo = unknown
/usr/bin/hostinfo      = unknown
/bin/machine           = unknown
/usr/bin/oslevel       = unknown
/bin/universe          = unknown

PATH: /home/forrest/MSU/research/code/charm-6.7.1/bin/
PATH: /home/forrest/.local/bin/
PATH: /usr/lib/hardening-wrapper/bin
PATH: /usr/local/sbin
PATH: /usr/local/bin
PATH: /usr/bin
PATH: /opt/cuda/bin
PATH: /usr/lib/jvm/default/bin
PATH: /usr/bin/site_perl
PATH: /usr/bin/vendor_perl
PATH: /usr/bin/core_perl
PATH: /opt/visit/bin


## ----------- ##
## Core tests. ##
## ----------- ##

configure:2346: checking for a BSD-compatible install
configure:2414: result: /usr/bin/install -c
configure:2425: checking whether build environment is sane
configure:2480: result: yes
configure:2631: checking for a thread-safe mkdir -p
configure:2670: result: /usr/bin/mkdir -p
configure:2677: checking for gawk
configure:2693: found /usr/bin/gawk
configure:2704: result: gawk
configure:2715: checking whether make sets $(MAKE)
configure:2737: result: yes
configure:2766: checking whether make supports nested variables
configure:2783: result: yes
configure:2967: checking for mpicc
configure:2983: found /usr/bin/mpicc
configure:2994: result: mpicc
configure:3025: checking for C compiler version
configure:3034: mpicc --version >&5
gcc (GCC) 7.3.0
Copyright (C) 2017 Free Software Foundation, Inc.
This is free software; see the source for copying conditions.  There is NO
warranty; not even for MERCHANTABILITY or FITNESS FOR A PARTICULAR PURPOSE.

configure:3045: $? = 0
configure:3034: mpicc -v >&5
Using built-in specs.
COLLECT_GCC=/usr/bin/gcc
COLLECT_LTO_WRAPPER=/usr/lib/gcc/x86_64-pc-linux-gnu/7.3.0/lto-wrapper
Target: x86_64-pc-linux-gnu
Configured with: /build/gcc/src/gcc/configure --prefix=/usr --libdir=/usr/lib --libexecdir=/usr/lib --mandir=/usr/share/man --infodir=/usr/share/info --with-bugurl=https://bugs.archlinux.org/ --enable-languages=c,c++,ada,fortran,go,lto,objc,obj-c++ --enable-shared --enable-threads=posix --enable-libmpx --with-system-zlib --with-isl --enable-__cxa_atexit --disable-libunwind-exceptions --enable-clocale=gnu --disable-libstdcxx-pch --disable-libssp --enable-gnu-unique-object --enable-linker-build-id --enable-lto --enable-plugin --enable-install-libiberty --with-linker-hash-style=gnu --enable-gnu-indirect-function --enable-multilib --disable-werror --enable-checking=release --enable-default-pie --enable-default-ssp
Thread model: posix
gcc version 7.3.0 (GCC) 
configure:3045: $? = 0
configure:3034: mpicc -V >&5
gcc: error: unrecognized command line option '-V'
gcc: fatal error: no input files
compilation terminated.
configure:3045: $? = 1
configure:3034: mpicc -qversion >&5
gcc: error: unrecognized command line option '-qversion'; did you mean '--version'?
gcc: fatal error: no input files
compilation terminated.
configure:3045: $? = 1
configure:3065: checking whether the C compiler works
configure:3087: mpicc    conftest.c  >&5
configure:3091: $? = 0
configure:3139: result: yes
configure:3142: checking for C compiler default output file name
configure:3144: result: a.out
configure:3150: checking for suffix of executables
configure:3157: mpicc -o conftest    conftest.c  >&5
configure:3161: $? = 0
configure:3183: result: 
configure:3205: checking whether we are cross compiling
configure:3213: mpicc -o conftest    conftest.c  >&5
configure:3217: $? = 0
configure:3224: ./conftest
configure:3228: $? = 0
configure:3243: result: no
configure:3248: checking for suffix of object files
configure:3270: mpicc -c   conftest.c >&5
configure:3274: $? = 0
configure:3295: result: o
configure:3299: checking whether we are using the GNU C compiler
configure:3318: mpicc -c   conftest.c >&5
configure:3318: $? = 0
configure:3327: result: yes
configure:3336: checking whether mpicc accepts -g
configure:3356: mpicc -c -g  conftest.c >&5
configure:3356: $? = 0
configure:3397: result: yes
configure:3414: checking for mpicc option to accept ISO C89
configure:3477: mpicc  -c -g -O2  conftest.c >&5
configure:3477: $? = 0
configure:3490: result: none needed
configure:3515: checking whether mpicc understands -c and -o together
configure:3537: mpicc -c conftest.c -o conftest2.o
configure:3540: $? = 0
configure:3537: mpicc -c conftest.c -o conftest2.o
configure:3540: $? = 0
configure:3552: result: yes
configure:3580: checking for style of include used by make
configure:3608: result: GNU
configure:3634: checking dependency style of mpicc
configure:3745: result: gcc3
configure:3818: checking for mpic++
configure:3834: found /usr/bin/mpic++
configure:3845: result: mpic++
configure:3872: checking for C++ compiler version
configure:3881: mpic++ --version >&5
g++ (GCC) 7.3.0
Copyright (C) 2017 Free Software Foundation, Inc.
This is free software; see the source for copying conditions.  There is NO
warranty; not even for MERCHANTABILITY or FITNESS FOR A PARTICULAR PURPOSE.

configure:3892: $? = 0
configure:3881: mpic++ -v >&5
Using built-in specs.
COLLECT_GCC=/usr/bin/g++
COLLECT_LTO_WRAPPER=/usr/lib/gcc/x86_64-pc-linux-gnu/7.3.0/lto-wrapper
Target: x86_64-pc-linux-gnu
Configured with: /build/gcc/src/gcc/configure --prefix=/usr --libdir=/usr/lib --libexecdir=/usr/lib --mandir=/usr/share/man --infodir=/usr/share/info --with-bugurl=https://bugs.archlinux.org/ --enable-languages=c,c++,ada,fortran,go,lto,objc,obj-c++ --enable-shared --enable-threads=posix --enable-libmpx --with-system-zlib --with-isl --enable-__cxa_atexit --disable-libunwind-exceptions --enable-clocale=gnu --disable-libstdcxx-pch --disable-libssp --enable-gnu-unique-object --enable-linker-build-id --enable-lto --enable-plugin --enable-install-libiberty --with-linker-hash-style=gnu --enable-gnu-indirect-function --enable-multilib --disable-werror --enable-checking=release --enable-default-pie --enable-default-ssp
Thread model: posix
gcc version 7.3.0 (GCC) 
configure:3892: $? = 0
configure:3881: mpic++ -V >&5
g++: error: unrecognized command line option '-V'
g++: fatal error: no input files
compilation terminated.
configure:3892: $? = 1
configure:3881: mpic++ -qversion >&5
g++: error: unrecognized command line option '-qversion'; did you mean '--version'?
g++: fatal error: no input files
compilation terminated.
configure:3892: $? = 1
configure:3896: checking whether we are using the GNU C++ compiler
configure:3915: mpic++ -c   conftest.cpp >&5
configure:3915: $? = 0
configure:3924: result: yes
configure:3933: checking whether mpic++ accepts -g
configure:3953: mpic++ -c -g  conftest.cpp >&5
configure:3953: $? = 0
configure:3994: result: yes
configure:4019: checking dependency style of mpic++
configure:4130: result: gcc3
configure:4149: checking for sqrt in -lm
configure:4174: mpicc -o conftest -g -O2   conftest.c -lm   >&5
conftest.c:18:6: warning: conflicting types for built-in function 'sqrt' [-Wbuiltin-declaration-mismatch]
 char sqrt ();
      ^~~~
configure:4174: $? = 0
configure:4183: result: yes
configure:4196: checking for glfwInit in -lglfw
configure:4221: mpicc -o conftest -g -O2   conftest.c -lglfw  -lm  >&5
configure:4221: $? = 0
configure:4230: result: yes
configure:4241: checking for glewInit in -lGLEW
configure:4266: mpicc -o conftest -g -O2   conftest.c -lGLEW  -lglfw -lm  >&5
configure:4266: $? = 0
configure:4275: result: yes
configure:4286: checking for glCreateShader in -lGL
configure:4311: mpicc -o conftest -g -O2   conftest.c -lGL  -lGLEW -lglfw -lm  >&5
configure:4311: $? = 0
configure:4320: result: yes
configure:4331: checking for gluGetString in -lGLU
configure:4356: mpicc -o conftest -g -O2   conftest.c -lGLU  -lGL -lGLEW -lglfw -lm  >&5
configure:4356: $? = 0
configure:4365: result: yes
configure:4383: checking how to run the C preprocessor
configure:4414: mpicc -E  conftest.c
configure:4414: $? = 0
configure:4428: mpicc -E  conftest.c
conftest.c:16:10: fatal error: ac_nonexistent.h: No such file or directory
 #include <ac_nonexistent.h>
          ^~~~~~~~~~~~~~~~~~
compilation terminated.
configure:4428: $? = 1
configure: failed program was:
| /* confdefs.h */
| #define PACKAGE_NAME "parallel-2D-LJMD"
| #define PACKAGE_TARNAME "parallel-2d-ljmd"
| #define PACKAGE_VERSION "0.01"
| #define PACKAGE_STRING "parallel-2D-LJMD 0.01"
| #define PACKAGE_BUGREPORT "forrestglines@gmail.com"
| #define PACKAGE_URL ""
| #define PACKAGE "parallel-2d-ljmd"
| #define VERSION "0.01"
| #define HAVE_LIBM 1
| #define HAVE_LIBGLFW 1
| #define HAVE_LIBGLEW 1
| #define HAVE_LIBGL 1
| #define HAVE_LIBGLU 1
| /* end confdefs.h.  */
| #include <ac_nonexistent.h>
configure:4453: result: mpicc -E
configure:4473: mpicc -E  conftest.c
configure:4473: $? = 0
configure:4487: mpicc -E  conftest.c
conftest.c:16:10: fatal error: ac_nonexistent.h: No such file or directory
 #include <ac_nonexistent.h>
          ^~~~~~~~~~~~~~~~~~
compilation terminated.
configure:4487: $? = 1
configure: failed program was:
| /* confdefs.h */
| #define PACKAGE_NAME "parallel-2D-LJMD"
| #define PACKAGE_TARNAME "parallel-2d-ljmd"
| #define PACKAGE_VERSION "0.01"
| #define PACKAGE_STRING "parallel-2D-LJMD 0.01"
| #define PACKAGE_BUGREPORT "forrestglines@gmail.com"
| #define PACKAGE_URL ""
| #define PACKAGE "parallel-2d-ljmd"
| #define VERSION "0.01"
| #define HAVE_LIBM 1
| #define HAVE_LIBGLFW 1
| #define HAVE_LIBGLEW 1
| #define HAVE_LIBGL 1
| #define HAVE_LIBGLU 1
| /* end confdefs.h.  */
| #include <ac_nonexistent.h>
configure:4516: checking for grep that handles long lines and -e
configure:4574: result: /usr/bin/grep
configure:4579: checking for egrep
configure:4641: result: /usr/bin/grep -E
configure:4646: checking for ANSI C header files
configure:4666: mpicc -c -g -O2  conftest.c >&5
configure:4666: $? = 0
configure:4739: mpicc -o conftest -g -O2   conftest.c -lGLU -lGL -lGLEW -lglfw -lm  >&5
configure:4739: $? = 0
configure:4739: ./conftest
configure:4739: $? = 0
configure:4750: result: yes
configure:4763: checking for sys/types.h
configure:4763: mpicc -c -g -O2  conftest.c >&5
configure:4763: $? = 0
configure:4763: result: yes
configure:4763: checking for sys/stat.h
configure:4763: mpicc -c -g -O2  conftest.c >&5
configure:4763: $? = 0
configure:4763: result: yes
configure:4763: checking for stdlib.h
configure:4763: mpicc -c -g -O2  conftest.c >&5
configure:4763: $? = 0
configure:4763: result: yes
configure:4763: checking for string.h
configure:4763: mpicc -c -g -O2  conftest.c >&5
configure:4763: $? = 0
configure:4763: result: yes
configure:4763: checking for memory.h
configure:4763: mpicc -c -g -O2  conftest.c >&5
configure:4763: $? = 0
configure:4763: result: yes
configure:4763: checking for strings.h
configure:4763: mpicc -c -g -O2  conftest.c >&5
configure:4763: $? = 0
configure:4763: result: yes
configure:4763: checking for inttypes.h
configure:4763: mpicc -c -g -O2  conftest.c >&5
configure:4763: $? = 0
configure:4763: result: yes
configure:4763: checking for stdint.h
configure:4763: mpicc -c -g -O2  conftest.c >&5
configure:4763: $? = 0
configure:4763: result: yes
configure:4763: checking for unistd.h
configure:4763: mpicc -c -g -O2  conftest.c >&5
configure:4763: $? = 0
configure:4763: result: yes
configure:4777: checking for unistd.h
configure:4777: result: yes
configure:4789: checking for stdbool.h that conforms to C99
configure:4856: mpicc -c -g -O2  conftest.c >&5
configure:4856: $? = 0
configure:4863: result: yes
configure:4865: checking for _Bool
configure:4865: mpicc -c -g -O2  conftest.c >&5
configure:4865: $? = 0
configure:4865: mpicc -c -g -O2  conftest.c >&5
conftest.c: In function 'main':
conftest.c:63:20: error: expected expression before ')' token
 if (sizeof ((_Bool)))
                    ^
configure:4865: $? = 1
configure: failed program was:
| /* confdefs.h */
| #define PACKAGE_NAME "parallel-2D-LJMD"
| #define PACKAGE_TARNAME "parallel-2d-ljmd"
| #define PACKAGE_VERSION "0.01"
| #define PACKAGE_STRING "parallel-2D-LJMD 0.01"
| #define PACKAGE_BUGREPORT "forrestglines@gmail.com"
| #define PACKAGE_URL ""
| #define PACKAGE "parallel-2d-ljmd"
| #define VERSION "0.01"
| #define HAVE_LIBM 1
| #define HAVE_LIBGLFW 1
| #define HAVE_LIBGLEW 1
| #define HAVE_LIBGL 1
| #define HAVE_LIBGLU 1
| #define STDC_HEADERS 1
| #define HAVE_SYS_TYPES_H 1
| #define HAVE_SYS_STAT_H 1
| #define HAVE_STDLIB_H 1
| #define HAVE_STRING_H 1
| #define HAVE_MEMORY_H 1
| #define HAVE_STRINGS_H 1
| #define HAVE_INTTYPES_H 1
| #define HAVE_STDINT_H 1
| #define HAVE_UNISTD_H 1
| #define HAVE_UNISTD_H 1
| /* end confdefs.h.  */
| #include <stdio.h>
| #ifdef HAVE_SYS_TYPES_H
| # include <sys/types.h>
| #endif
| #ifdef HAVE_SYS_STAT_H
| # include <sys/stat.h>
| #endif
| #ifdef STDC_HEADERS
| # include <stdlib.h>
| # include <stddef.h>
| #else
| # ifdef HAVE_STDLIB_H
| #  include <stdlib.h>
| # endif
| #endif
| #ifdef HAVE_STRING_H
| # if !defined STDC_HEADERS && defined HAVE_MEMORY_H
| #  include <memory.h>
| # endif
| # include <string.h>
| #endif
| #ifdef HAVE_STRINGS_H
| # include <strings.h>
| #endif
| #ifdef HAVE_INTTYPES_H
| # include <inttypes.h>
| #endif
| #ifdef HAVE_STDINT_H
| # include <stdint.h>
| #endif
| #ifdef HAVE_UNISTD_H
| # include <unistd.h>
| #endif
| int
| main ()
| {
| if (sizeof ((_Bool)))
| 	    return 0;
|   ;
|   return 0;
| }
configure:4865: result: yes
configure:4876: checking for inline
configure:4892: mpicc -c -g -O2  conftest.c >&5
configure:4892: $? = 0
configure:4900: result: inline
configure:4918: checking for uint64_t
configure:4918: mpicc -c -g -O2  conftest.c >&5
configure:4918: $? = 0
configure:4918: result: yes
configure:4937: checking for floor
configure:4937: mpicc -o conftest -g -O2   conftest.c -lGLU -lGL -lGLEW -lglfw -lm  >&5
conftest.c:51:6: warning: conflicting types for built-in function 'floor' [-Wbuiltin-declaration-mismatch]
 char floor ();
      ^~~~~
configure:4937: $? = 0
configure:4937: result: yes
configure:4937: checking for pow
configure:4937: mpicc -o conftest -g -O2   conftest.c -lGLU -lGL -lGLEW -lglfw -lm  >&5
conftest.c:52:6: warning: conflicting types for built-in function 'pow' [-Wbuiltin-declaration-mismatch]
 char pow ();
      ^~~
configure:4937: $? = 0
configure:4937: result: yes
configure:4937: checking for sqrt
configure:4937: mpicc -o conftest -g -O2   conftest.c -lGLU -lGL -lGLEW -lglfw -lm  >&5
conftest.c:53:6: warning: conflicting types for built-in function 'sqrt' [-Wbuiltin-declaration-mismatch]
 char sqrt ();
      ^~~~
configure:4937: $? = 0
configure:4937: result: yes
configure:5094: checking that generated files are newer than configure
configure:5100: result: done
configure:5127: creating ./config.status

## ---------------------- ##
## Running config.status. ##
## ---------------------- ##

This file was extended by parallel-2D-LJMD config.status 0.01, which was
generated by GNU Autoconf 2.69.  Invocation command line was

  CONFIG_FILES    = 
  CONFIG_HEADERS  = 
  CONFIG_LINKS    = 
  CONFIG_COMMANDS = 
  $ ./config.status 

on forrest-lenovo

config.status:785: creating Makefile
config.status:785: creating src/Makefile
config.status:957: executing depfiles commands

## ---------------- ##
## Cache variables. ##
## ---------------- ##

ac_cv_c_compiler_gnu=yes
ac_cv_c_inline=inline
ac_cv_c_uint64_t=yes
ac_cv_cxx_compiler_gnu=yes
ac_cv_env_CCC_set=
ac_cv_env_CCC_value=
ac_cv_env_CC_set=
ac_cv_env_CC_value=
ac_cv_env_CFLAGS_set=
ac_cv_env_CFLAGS_value=
ac_cv_env_CPPFLAGS_set=
ac_cv_env_CPPFLAGS_value=
ac_cv_env_CPP_set=
ac_cv_env_CPP_value=
ac_cv_env_CXXFLAGS_set=
ac_cv_env_CXXFLAGS_value=
ac_cv_env_CXX_set=
ac_cv_env_CXX_value=
ac_cv_env_LDFLAGS_set=
ac_cv_env_LDFLAGS_value=
ac_cv_env_LIBS_set=
ac_cv_env_LIBS_value=
ac_cv_env_build_alias_set=
ac_cv_env_build_alias_value=
ac_cv_env_host_alias_set=
ac_cv_env_host_alias_value=
ac_cv_env_target_alias_set=
ac_cv_env_target_alias_value=
ac_cv_func_floor=yes
ac_cv_func_pow=yes
ac_cv_func_sqrt=yes
ac_cv_header_inttypes_h=yes
ac_cv_header_memory_h=yes
ac_cv_header_stdbool_h=yes
ac_cv_header_stdc=yes
ac_cv_header_stdint_h=yes
ac_cv_header_stdlib_h=yes
ac_cv_header_string_h=yes
ac_cv_header_strings_h=yes
ac_cv_header_sys_stat_h=yes
ac_cv_header_sys_types_h=yes
ac_cv_header_unistd_h=yes
ac_cv_lib_GLEW_glewInit=yes
ac_cv_lib_GLU_gluGetString=yes
ac_cv_lib_GL_glCreateShader=yes
ac_cv_lib_glfw_glfwInit=yes
ac_cv_lib_m_sqrt=yes
ac_cv_objext=o
ac_cv_path_EGREP='/usr/bin/grep -E'
ac_cv_path_GREP=/usr/bin/grep
ac_cv_path_install='/usr/bin/install -c'
ac_cv_path_mkdir=/usr/bin/mkdir
ac_cv_prog_AWK=gawk
ac_cv_prog_CPP='mpicc -E'
ac_cv_prog_ac_ct_CC=mpicc
ac_cv_prog_ac_ct_CXX=mpic++
ac_cv_prog_cc_c89=
ac_cv_prog_cc_g=yes
ac_cv_prog_cxx_g=yes
ac_cv_prog_make_make_set=yes
ac_cv_type__Bool=yes
am_cv_CC_dependencies_compiler_type=gcc3
am_cv_CXX_dependencies_compiler_type=gcc3
am_cv_make_support_nested_variables=yes
am_cv_prog_cc_c_o=yes

## ----------------- ##
## Output variables. ##
## ----------------- ##

ACLOCAL='${SHELL} /home/forrest/MSU/curSpring2018/particles_cmse890/group/Parallel-2D-LJMD/missing aclocal-1.15'
AMDEPBACKSLASH='\'
AMDEP_FALSE='#'
AMDEP_TRUE=''
AMTAR='$${TAR-tar}'
AM_BACKSLASH='\'
AM_DEFAULT_V='$(AM_DEFAULT_VERBOSITY)'
AM_DEFAULT_VERBOSITY='1'
AM_V='$(V)'
AUTOCONF='${SHELL} /home/forrest/MSU/curSpring2018/particles_cmse890/group/Parallel-2D-LJMD/missing autoconf'
AUTOHEADER='${SHELL} /home/forrest/MSU/curSpring2018/particles_cmse890/group/Parallel-2D-LJMD/missing autoheader'
AUTOMAKE='${SHELL} /home/forrest/MSU/curSpring2018/particles_cmse890/group/Parallel-2D-LJMD/missing automake-1.15'
AWK='gawk'
CC='mpicc'
CCDEPMODE='depmode=gcc3'
CFLAGS='-g -O2'
CPP='mpicc -E'
CPPFLAGS=''
CXX='mpic++'
CXXDEPMODE='depmode=gcc3'
CXXFLAGS='-g -O2'
CYGPATH_W='echo'
DEFS='-DPACKAGE_NAME=\"parallel-2D-LJMD\" -DPACKAGE_TARNAME=\"parallel-2d-ljmd\" -DPACKAGE_VERSION=\"0.01\" -DPACKAGE_STRING=\"parallel-2D-LJMD\ 0.01\" -DPACKAGE_BUGREPORT=\"forrestglines@gmail.com\" -DPACKAGE_URL=\"\" -DPACKAGE=\"parallel-2d-ljmd\" -DVERSION=\"0.01\" -DHAVE_LIBM=1 -DHAVE_LIBGLFW=1 -DHAVE_LIBGLEW=1 -DHAVE_LIBGL=1 -DHAVE_LIBGLU=1 -DSTDC_HEADERS=1 -DHAVE_SYS_TYPES_H=1 -DHAVE_SYS_STAT_H=1 -DHAVE_STDLIB_H=1 -DHAVE_STRING_H=1 -DHAVE_MEMORY_H=1 -DHAVE_STRINGS_H=1 -DHAVE_INTTYPES_H=1 -DHAVE_STDINT_H=1 -DHAVE_UNISTD_H=1 -DHAVE_UNISTD_H=1 -DHAVE__BOOL=1 -DHAVE_FLOOR=1 -DHAVE_POW=1 -DHAVE_SQRT=1'
DEPDIR='.deps'
ECHO_C=''
ECHO_N='-n'
ECHO_T=''
EGREP='/usr/bin/grep -E'
EXEEXT=''
GREP='/usr/bin/grep'
INSTALL_DATA='${INSTALL} -m 644'
INSTALL_PROGRAM='${INSTALL}'
INSTALL_SCRIPT='${INSTALL}'
INSTALL_STRIP_PROGRAM='$(install_sh) -c -s'
LDFLAGS=''
LIBOBJS=''
LIBS='-lGLU -lGL -lGLEW -lglfw -lm '
LTLIBOBJS=''
MAKEINFO='${SHELL} /home/forrest/MSU/curSpring2018/particles_cmse890/group/Parallel-2D-LJMD/missing makeinfo'
MKDIR_P='/usr/bin/mkdir -p'
OBJEXT='o'
PACKAGE='parallel-2d-ljmd'
PACKAGE_BUGREPORT='forrestglines@gmail.com'
PACKAGE_NAME='parallel-2D-LJMD'
PACKAGE_STRING='parallel-2D-LJMD 0.01'
PACKAGE_TARNAME='parallel-2d-ljmd'
PACKAGE_URL=''
PACKAGE_VERSION='0.01'
PATH_SEPARATOR=':'
SET_MAKE=''
SHELL='/bin/sh'
STRIP=''
VERSION='0.01'
ac_ct_CC='mpicc'
ac_ct_CXX='mpic++'
am__EXEEXT_FALSE=''
am__EXEEXT_TRUE='#'
am__fastdepCC_FALSE='#'
am__fastdepCC_TRUE=''
am__fastdepCXX_FALSE='#'
am__fastdepCXX_TRUE=''
am__include='include'
am__isrc=''
am__leading_dot='.'
am__nodep='_no'
am__quote=''
am__tar='$${TAR-tar} chof - "$$tardir"'
am__untar='$${TAR-tar} xf -'
bindir='${exec_prefix}/bin'
build_alias=''
datadir='${datarootdir}'
datarootdir='${prefix}/share'
docdir='${datarootdir}/doc/${PACKAGE_TARNAME}'
dvidir='${docdir}'
exec_prefix='${prefix}'
host_alias=''
htmldir='${docdir}'
includedir='${prefix}/include'
infodir='${datarootdir}/info'
install_sh='${SHELL} /home/forrest/MSU/curSpring2018/particles_cmse890/group/Parallel-2D-LJMD/install-sh'
libdir='${exec_prefix}/lib'
libexecdir='${exec_prefix}/libexec'
localedir='${datarootdir}/locale'
localstatedir='${prefix}/var'
mandir='${datarootdir}/man'
mkdir_p='$(MKDIR_P)'
oldincludedir='/usr/include'
pdfdir='${docdir}'
prefix='/usr/local'
program_transform_name='s,x,x,'
psdir='${docdir}'
sbindir='${exec_prefix}/sbin'
sharedstatedir='${prefix}/com'
sysconfdir='${prefix}/etc'
target_alias=''

## ----------- ##
## confdefs.h. ##
## ----------- ##

/* confdefs.h */
#define PACKAGE_NAME "parallel-2D-LJMD"
#define PACKAGE_TARNAME "parallel-2d-ljmd"
#define PACKAGE_VERSION "0.01"
#define PACKAGE_STRING "parallel-2D-LJMD 0.01"
#define PACKAGE_BUGREPORT "forrestglines@gmail.com"
#define PACKAGE_URL ""
#define PACKAGE "parallel-2d-ljmd"
#define VERSION "0.01"
#define HAVE_LIBM 1
#define HAVE_LIBGLFW 1
#define HAVE_LIBGLEW 1
#define HAVE_LIBGL 1
#define HAVE_LIBGLU 1
#define STDC_HEADERS 1
#define HAVE_SYS_TYPES_H 1
#define HAVE_SYS_STAT_H 1
#define HAVE_STDLIB_H 1
#define HAVE_STRING_H 1
#define HAVE_MEMORY_H 1
#define HAVE_STRINGS_H 1
#define HAVE_INTTYPES_H 1
#define HAVE_STDINT_H 1
#define HAVE_UNISTD_H 1
#define HAVE_UNISTD_H 1
#define HAVE__BOOL 1
#define HAVE_FLOOR 1
#define HAVE_POW 1
#define HAVE_SQRT 1

configure: exit 0
